<?xml version="1.0" encoding="UTF-8"?>
<testng-results ignored="0" total="0" passed="0" failed="0" skipped="0">
  <reporter-output>
  </reporter-output>
  <suite started-at="2025-09-16T13:21:25 IST" name="Suite" finished-at="2025-09-16T13:21:25 IST" duration-ms="0">
    <groups>
      <group name="Master">
        <method signature="TC001_AccountRegistrationTest.verify_account_regidtration()[pri:0, instance:testCases.TC001_AccountRegistrationTest@1187c9e8]" name="verify_account_regidtration" class="testCases.TC001_AccountRegistrationTest"/>
        <method signature="TC002_LoginTest.verify_login()[pri:0, instance:testCases.TC002_LoginTest@16aa8654]" name="verify_login" class="testCases.TC002_LoginTest"/>
      </group> <!-- Master -->
      <group name="Sanity">
        <method signature="TC002_LoginTest.verify_login()[pri:0, instance:testCases.TC002_LoginTest@16aa8654]" name="verify_login" class="testCases.TC002_LoginTest"/>
      </group> <!-- Sanity -->
      <group name="Regression">
        <method signature="TC001_AccountRegistrationTest.verify_account_regidtration()[pri:0, instance:testCases.TC001_AccountRegistrationTest@1187c9e8]" name="verify_account_regidtration" class="testCases.TC001_AccountRegistrationTest"/>
      </group> <!-- Regression -->
    </groups>
  </suite> <!-- Suite -->
</testng-results>
